[Wed Apr 22 16:38:02 2020][MAIN-THREAD][Debug]: Initialising the server
[Wed Apr 22 16:38:02 2020][MAIN-THREAD][Debug]: Loading banlist of the room Belote
[Wed Apr 22 16:38:02 2020][MAIN-THREAD][Debug]: Adding room Belote to server
[Wed Apr 22 16:38:02 2020][MAIN-THREAD][Debug]: Loading banlist of the room Chat
[Wed Apr 22 16:38:02 2020][MAIN-THREAD][Debug]: Adding room Chat to server
[Wed Apr 22 16:38:02 2020][MAIN-THREAD][Debug]: Loading banlist of the room Tarot
[Wed Apr 22 16:38:02 2020][MAIN-THREAD][Debug]: Adding room Tarot to server
[Wed Apr 22 16:38:02 2020][MAIN-THREAD][Debug]: Loading banlist of the room Belote
[Wed Apr 22 16:38:02 2020][MAIN-THREAD][Debug]: Loading banlist of the room Chat
[Wed Apr 22 16:38:02 2020][MAIN-THREAD][Debug]: Loading banlist of the room Tarot
[Wed Apr 22 16:38:02 2020][MAIN-THREAD][Warning]: Starting the server
[Wed Apr 22 16:38:02 2020][MAIN-THREAD][Info]: Server is running on ('192.168.1.16', 12345)
[Wed Apr 22 16:38:27 2020][MAIN-THREAD][Warning]: The server has been shutdowned
[Wed Apr 22 16:38:27 2020][MAIN-THREAD][Info]: Server stop accept connection
[Wed Apr 22 16:38:27 2020][MAIN-THREAD][Info]: Server stop sending messages
[Wed Apr 22 16:38:27 2020][MAIN-THREAD][Debug]: Save banlist of the room Belote
[Wed Apr 22 16:38:27 2020][MAIN-THREAD][Debug]: Save banlist of the room Chat
[Wed Apr 22 16:38:27 2020][MAIN-THREAD][Debug]: Save banlist of the room Tarot
[Wed Apr 22 16:38:27 2020][MAIN-THREAD][Warning]: stopping the server
[Wed Apr 22 16:38:27 2020][MAIN-THREAD][Info]: Server is now offline
